<?xml version="1.0" encoding="UTF-8"?>
<testng-results skipped="0" failed="0" ignored="0" total="1" passed="1">
  <reporter-output>
    <line>
      <![CDATA[Product Name and price fetched from UI and saved in HashMap as:{2059714417=Boeberg Bookshelf, 5999=Hayden Display Shelf, 10399=Austen Bookshelf/Display Unit, 13599=Boeberg Bookshelf}
]]>
    </line>
    <line>
      <![CDATA[Names and Prices are{15399=Ray Executive Study Chair
(Walnut Finish, Black), 4799=Kane Study Chair
(Black)}
]]>
    </line>
  </reporter-output>
  <suite name="Default suite" duration-ms="96977" started-at="2020-06-02T16:26:25 IST" finished-at="2020-06-02T16:28:02 IST">
    <groups>
    </groups>
    <test name="Default test" duration-ms="96977" started-at="2020-06-02T16:26:25 IST" finished-at="2020-06-02T16:28:02 IST">
      <class name="com.Cognizant.TestClass.FurnitureTest">
        <test-method status="PASS" signature="UrbanLadderTest()[pri:0, instance:com.Cognizant.TestClass.FurnitureTest@51b279c9]" name="UrbanLadderTest" duration-ms="95551" started-at="2020-06-02T16:26:25 IST" finished-at="2020-06-02T16:28:01 IST">
          <reporter-output>
            <line>
              <![CDATA[Product Name and price fetched from UI and saved in HashMap as:{2059714417=Boeberg Bookshelf, 5999=Hayden Display Shelf, 10399=Austen Bookshelf/Display Unit, 13599=Boeberg Bookshelf}
]]>
            </line>
            <line>
              <![CDATA[Names and Prices are{15399=Ray Executive Study Chair
(Walnut Finish, Black), 4799=Kane Study Chair
(Black)}
]]>
            </line>
          </reporter-output>
        </test-method> <!-- UrbanLadderTest -->
        <test-method status="PASS" signature="endReport()[pri:0, instance:com.Cognizant.TestClass.FurnitureTest@51b279c9]" name="endReport" is-config="true" duration-ms="1311" started-at="2020-06-02T16:28:01 IST" finished-at="2020-06-02T16:28:02 IST">
          <reporter-output>
          </reporter-output>
        </test-method> <!-- endReport -->
      </class> <!-- com.Cognizant.TestClass.FurnitureTest -->
    </test> <!-- Default test -->
  </suite> <!-- Default suite -->
</testng-results>
